2022/05/02 03:36:59 [notice] 1#1: using the "epoll" event method
2022/05/02 03:36:59 [notice] 1#1: nginx/1.21.6
2022/05/02 03:36:59 [notice] 1#1: built by gcc 10.2.1 20210110 (Debian 10.2.1-6) 
2022/05/02 03:36:59 [notice] 1#1: OS: Linux 4.15.0-70-generic
2022/05/02 03:36:59 [notice] 1#1: getrlimit(RLIMIT_NOFILE): 1048576:1048576
2022/05/02 03:36:59 [notice] 1#1: start worker processes
2022/05/02 03:36:59 [notice] 1#1: start worker process 23
2022/05/02 03:36:59 [notice] 1#1: start worker process 24
2022/05/02 03:39:01 [notice] 1#1: signal 3 (SIGQUIT) received, shutting down
2022/05/02 03:39:01 [notice] 23#23: gracefully shutting down
2022/05/02 03:39:01 [notice] 24#24: gracefully shutting down
2022/05/02 03:39:01 [notice] 23#23: exiting
2022/05/02 03:39:01 [notice] 24#24: exiting
2022/05/02 03:39:01 [notice] 23#23: exit
2022/05/02 03:39:01 [notice] 24#24: exit
2022/05/02 03:39:01 [notice] 1#1: signal 17 (SIGCHLD) received from 23
2022/05/02 03:39:01 [notice] 1#1: worker process 23 exited with code 0
2022/05/02 03:39:01 [notice] 1#1: worker process 24 exited with code 0
2022/05/02 03:39:01 [notice] 1#1: exit
2022/05/02 03:44:33 [notice] 1#1: using the "epoll" event method
2022/05/02 03:44:33 [notice] 1#1: nginx/1.21.6
2022/05/02 03:44:33 [notice] 1#1: built by gcc 10.2.1 20210110 (Debian 10.2.1-6) 
2022/05/02 03:44:33 [notice] 1#1: OS: Linux 4.15.0-70-generic
2022/05/02 03:44:33 [notice] 1#1: getrlimit(RLIMIT_NOFILE): 1048576:1048576
2022/05/02 03:44:33 [notice] 1#1: start worker processes
2022/05/02 03:44:33 [notice] 1#1: start worker process 22
2022/05/02 03:44:33 [notice] 1#1: start worker process 23
2022/05/02 03:46:46 [notice] 1#1: signal 3 (SIGQUIT) received, shutting down
2022/05/02 03:46:46 [notice] 22#22: gracefully shutting down
2022/05/02 03:46:46 [notice] 22#22: exiting
2022/05/02 03:46:46 [notice] 22#22: exit
2022/05/02 03:46:46 [notice] 23#23: gracefully shutting down
2022/05/02 03:46:46 [notice] 23#23: exiting
2022/05/02 03:46:46 [notice] 23#23: exit
2022/05/02 03:46:46 [notice] 1#1: signal 17 (SIGCHLD) received from 22
2022/05/02 03:46:46 [notice] 1#1: worker process 22 exited with code 0
2022/05/02 03:46:46 [notice] 1#1: worker process 23 exited with code 0
2022/05/02 03:46:46 [notice] 1#1: exit
2022/05/02 03:47:11 [emerg] 1#1: host not found in upstream "web:8000" in /etc/nginx/conf.d/nginx.conf:2
2022/05/02 03:47:13 [notice] 1#1: using the "epoll" event method
2022/05/02 03:47:13 [notice] 1#1: nginx/1.21.6
2022/05/02 03:47:13 [notice] 1#1: built by gcc 10.2.1 20210110 (Debian 10.2.1-6) 
2022/05/02 03:47:13 [notice] 1#1: OS: Linux 4.15.0-70-generic
2022/05/02 03:47:13 [notice] 1#1: getrlimit(RLIMIT_NOFILE): 1048576:1048576
2022/05/02 03:47:13 [notice] 1#1: start worker processes
2022/05/02 03:47:13 [notice] 1#1: start worker process 22
2022/05/02 03:47:13 [notice] 1#1: start worker process 23
2022/05/02 03:49:01 [notice] 1#1: signal 3 (SIGQUIT) received, shutting down
2022/05/02 03:49:01 [notice] 22#22: gracefully shutting down
2022/05/02 03:49:01 [notice] 23#23: gracefully shutting down
2022/05/02 03:49:01 [notice] 22#22: exiting
2022/05/02 03:49:01 [notice] 23#23: exiting
2022/05/02 03:49:01 [notice] 22#22: exit
2022/05/02 03:49:01 [notice] 23#23: exit
2022/05/02 03:49:01 [notice] 1#1: signal 17 (SIGCHLD) received from 22
2022/05/02 03:49:01 [notice] 1#1: worker process 22 exited with code 0
2022/05/02 03:49:01 [notice] 1#1: signal 29 (SIGIO) received
2022/05/02 03:49:01 [notice] 1#1: signal 17 (SIGCHLD) received from 23
2022/05/02 03:49:01 [notice] 1#1: worker process 23 exited with code 0
2022/05/02 03:49:01 [notice] 1#1: exit
